20:13:13.343 [Task worker 1] INFO  o.a.AndroidAnnotationProcessor:85 - Initialize AndroidAnnotations 3.1-SNAPSHOT with options {androidManifestFile=/Users/flask/Documents/workspace_android/photify/photify/build/manifests/debug/AndroidManifest.xml, resourcePackageName=ac.jejunu.photify}
20:13:13.494 [Task worker 1] INFO  o.a.AndroidAnnotationProcessor:109 - Start processing for 8 annotations on 29 elements
20:13:13.904 [Task worker 1] DEBUG o.a.h.AndroidManifestFinder:98 - AndroidManifest.xml file found with specified path: /Users/flask/Documents/workspace_android/photify/photify/build/manifests/debug/AndroidManifest.xml
20:13:14.974 [Task worker 1] INFO  o.a.AndroidAnnotationProcessor:172 - AndroidManifest.xml found: AndroidManifest [applicationPackage=ac.jejunu.photify, componentQualifiedNames=[ac.jejunu.photify.activity.MainActivity, ac.jejunu.photify.activity.DetailActivity, ac.jejunu.photify.activity.LoginActivity, com.facebook.LoginActivity, ac.jejunu.photify.activity.GoogleMapTestActivity, com.vladimir.pinterestlistview.ItemsActivity], permissionQualifiedNames=[android.permission.INTERNET, android.permission.ACCESS_NETWORK_STATE, android.permission.WRITE_EXTERNAL_STORAGE, com.google.android.providers.gsf.permission.READ_GSERVICES, android.permission.ACCESS_COARSE_LOCATION, android.permission.ACCESS_FINE_LOCATION], applicationClassName=null, libraryProject=false, debugabble=false, minSdkVersion=10, maxSdkVersion=-1, targetSdkVersion=19]
20:13:14.976 [Task worker 1] INFO  o.a.r.ProjectRClassFinder:50 - Found project R class: ac.jejunu.photify.R
20:13:15.4 [Task worker 1] INFO  o.a.r.AndroidRClassFinder:44 - Found Android class: android.R
20:13:15.63 [Task worker 1] INFO  o.a.p.ModelValidator:42 - Validating elements
20:13:15.64 [Task worker 1] DEBUG o.a.p.ModelValidator:62 - Validating with EFragmentHandler: [ac.jejunu.photify.activity.fragment.FacebookLoginFragment, ac.jejunu.photify.activity.fragment.JsonTestFragment]
20:13:15.72 [Task worker 1] DEBUG o.a.p.ModelValidator:62 - Validating with ViewByIdHandler: [shareButton, sendRequestButton, authButton, section_label]
20:13:15.76 [Task worker 1] DEBUG o.a.p.ModelValidator:62 - Validating with RestHandler: [ac.jejunu.photify.rest.MyRestClient, ac.jejunu.photify.rest.TestCommandRestClient]
20:13:15.86 [Task worker 1] DEBUG o.a.p.ModelValidator:62 - Validating with PostHandler: [getSampleEntity(), getTestCommand(), sendTestCommand(ac.jejunu.photify.entity.TestCommand)]
20:13:15.89 [Task worker 1] DEBUG o.a.p.ModelValidator:62 - Validating with RestServiceHandler: [myRestClient, testCommandRestClient]
20:13:15.92 [Task worker 1] DEBUG o.a.p.ModelValidator:62 - Validating with AfterViewsHandler: [afterViews(), onBindComplete()]
20:13:15.93 [Task worker 1] DEBUG o.a.p.ModelValidator:62 - Validating with UiThreadHandler: [setData(java.lang.String), appendData(java.lang.String)]
20:13:15.93 [Task worker 1] DEBUG o.a.p.ModelValidator:62 - Validating with BackgroundHandler: [backgroundJob()]
20:13:15.112 [Task worker 1] INFO  o.a.p.ModelProcessor:73 - Processing root elements
20:13:15.112 [Task worker 1] DEBUG o.a.p.ModelProcessor:80 - Processing root elements EFragmentHandler: [ac.jejunu.photify.activity.fragment.FacebookLoginFragment, ac.jejunu.photify.activity.fragment.JsonTestFragment]
20:13:15.179 [Task worker 1] DEBUG o.a.p.ModelProcessor:80 - Processing root elements RestHandler: [ac.jejunu.photify.rest.MyRestClient, ac.jejunu.photify.rest.TestCommandRestClient]
20:13:15.186 [Task worker 1] INFO  o.a.p.ModelProcessor:104 - Processing enclosed elements
20:13:15.244 [Task worker 1] INFO  o.a.AndroidAnnotationProcessor:251 - Number of files generated by AndroidAnnotations: 4
20:13:15.248 [Task worker 1] INFO  o.a.g.ApiCodeGenerator:52 - Writting following API classes in project: []
20:13:15.251 [Task worker 1] DEBUG o.a.g.SourceCodewriter:55 - Generating class: ac.jejunu.photify.activity.fragment.FacebookLoginFragment_
20:13:15.323 [Task worker 1] DEBUG o.a.g.SourceCodewriter:55 - Generating class: ac.jejunu.photify.activity.fragment.JsonTestFragment_
20:13:15.410 [Task worker 1] DEBUG o.a.g.SourceCodewriter:55 - Generating class: ac.jejunu.photify.rest.MyRestClient_
20:13:15.430 [Task worker 1] DEBUG o.a.g.SourceCodewriter:55 - Generating class: ac.jejunu.photify.rest.TestCommandRestClient_
20:13:15.456 [Task worker 1] INFO  o.a.p.TimeStats:81 - Time measurements: [Whole Processing = 1962 ms], [Extract Manifest = 1077 ms], [Extract Annotations = 403 ms], [Generate Sources = 212 ms], [Process Annotations = 150 ms], [Find R Classes = 70 ms], [Validate Annotations = 32 ms], 
20:13:15.457 [Task worker 1] INFO  o.a.AndroidAnnotationProcessor:123 - Finish processing
20:14:48.310 [Task worker 3] INFO  o.a.AndroidAnnotationProcessor:85 - Initialize AndroidAnnotations 3.1-SNAPSHOT with options {androidManifestFile=/Users/flask/Documents/workspace_android/photify/photify/build/manifests/release/AndroidManifest.xml, resourcePackageName=ac.jejunu.photify}
20:14:48.404 [Task worker 3] INFO  o.a.AndroidAnnotationProcessor:109 - Start processing for 8 annotations on 29 elements
20:14:48.422 [Task worker 3] DEBUG o.a.h.AndroidManifestFinder:98 - AndroidManifest.xml file found with specified path: /Users/flask/Documents/workspace_android/photify/photify/build/manifests/release/AndroidManifest.xml
20:14:48.428 [Task worker 3] INFO  o.a.AndroidAnnotationProcessor:172 - AndroidManifest.xml found: AndroidManifest [applicationPackage=ac.jejunu.photify, componentQualifiedNames=[ac.jejunu.photify.activity.MainActivity, ac.jejunu.photify.activity.DetailActivity, ac.jejunu.photify.activity.LoginActivity, com.facebook.LoginActivity, ac.jejunu.photify.activity.GoogleMapTestActivity, com.vladimir.pinterestlistview.ItemsActivity], permissionQualifiedNames=[android.permission.INTERNET, android.permission.ACCESS_NETWORK_STATE, android.permission.WRITE_EXTERNAL_STORAGE, com.google.android.providers.gsf.permission.READ_GSERVICES, android.permission.ACCESS_COARSE_LOCATION, android.permission.ACCESS_FINE_LOCATION], applicationClassName=null, libraryProject=false, debugabble=false, minSdkVersion=10, maxSdkVersion=-1, targetSdkVersion=19]
20:14:48.428 [Task worker 3] INFO  o.a.r.ProjectRClassFinder:50 - Found project R class: ac.jejunu.photify.R
20:14:48.435 [Task worker 3] INFO  o.a.r.AndroidRClassFinder:44 - Found Android class: android.R
20:14:49.95 [Task worker 3] INFO  o.a.p.ModelValidator:42 - Validating elements
20:14:49.95 [Task worker 3] DEBUG o.a.p.ModelValidator:62 - Validating with EFragmentHandler: [ac.jejunu.photify.activity.fragment.FacebookLoginFragment, ac.jejunu.photify.activity.fragment.JsonTestFragment]
20:14:49.106 [Task worker 3] DEBUG o.a.p.ModelValidator:62 - Validating with ViewByIdHandler: [shareButton, sendRequestButton, authButton, section_label]
20:14:49.111 [Task worker 3] DEBUG o.a.p.ModelValidator:62 - Validating with RestHandler: [ac.jejunu.photify.rest.MyRestClient, ac.jejunu.photify.rest.TestCommandRestClient]
20:14:49.116 [Task worker 3] DEBUG o.a.p.ModelValidator:62 - Validating with PostHandler: [getSampleEntity(), getTestCommand(), sendTestCommand(ac.jejunu.photify.entity.TestCommand)]
20:14:49.117 [Task worker 3] DEBUG o.a.p.ModelValidator:62 - Validating with RestServiceHandler: [myRestClient, testCommandRestClient]
20:14:49.119 [Task worker 3] DEBUG o.a.p.ModelValidator:62 - Validating with AfterViewsHandler: [afterViews(), onBindComplete()]
20:14:49.119 [Task worker 3] DEBUG o.a.p.ModelValidator:62 - Validating with UiThreadHandler: [setData(java.lang.String), appendData(java.lang.String)]
20:14:49.119 [Task worker 3] DEBUG o.a.p.ModelValidator:62 - Validating with BackgroundHandler: [backgroundJob()]
20:14:49.133 [Task worker 3] INFO  o.a.p.ModelProcessor:73 - Processing root elements
20:14:49.133 [Task worker 3] DEBUG o.a.p.ModelProcessor:80 - Processing root elements EFragmentHandler: [ac.jejunu.photify.activity.fragment.JsonTestFragment, ac.jejunu.photify.activity.fragment.FacebookLoginFragment]
20:14:49.159 [Task worker 3] DEBUG o.a.p.ModelProcessor:80 - Processing root elements RestHandler: [ac.jejunu.photify.rest.TestCommandRestClient, ac.jejunu.photify.rest.MyRestClient]
20:14:49.163 [Task worker 3] INFO  o.a.p.ModelProcessor:104 - Processing enclosed elements
20:14:49.184 [Task worker 3] INFO  o.a.AndroidAnnotationProcessor:251 - Number of files generated by AndroidAnnotations: 4
20:14:49.186 [Task worker 3] INFO  o.a.g.ApiCodeGenerator:52 - Writting following API classes in project: []
20:14:49.189 [Task worker 3] DEBUG o.a.g.SourceCodewriter:55 - Generating class: ac.jejunu.photify.activity.fragment.FacebookLoginFragment_
20:14:49.207 [Task worker 3] DEBUG o.a.g.SourceCodewriter:55 - Generating class: ac.jejunu.photify.activity.fragment.JsonTestFragment_
20:14:49.216 [Task worker 3] DEBUG o.a.g.SourceCodewriter:55 - Generating class: ac.jejunu.photify.rest.MyRestClient_
20:14:49.222 [Task worker 3] DEBUG o.a.g.SourceCodewriter:55 - Generating class: ac.jejunu.photify.rest.TestCommandRestClient_
20:14:49.231 [Task worker 3] INFO  o.a.p.TimeStats:81 - Time measurements: [Whole Processing = 826 ms], [Validate Annotations = 656 ms], [Process Annotations = 64 ms], [Generate Sources = 46 ms], [Find R Classes = 25 ms], [Extract Annotations = 16 ms], [Extract Manifest = 8 ms], 
20:14:49.231 [Task worker 3] INFO  o.a.AndroidAnnotationProcessor:123 - Finish processing
20:25:10.75 [Task worker 2] INFO  o.a.AndroidAnnotationProcessor:85 - Initialize AndroidAnnotations 3.1-SNAPSHOT with options {androidManifestFile=/Users/flask/Documents/workspace_android/photify/photify/build/manifests/debug/AndroidManifest.xml, resourcePackageName=ac.jejunu.photify}
20:25:10.179 [Task worker 2] INFO  o.a.AndroidAnnotationProcessor:109 - Start processing for 8 annotations on 29 elements
20:25:10.193 [Task worker 2] DEBUG o.a.h.AndroidManifestFinder:98 - AndroidManifest.xml file found with specified path: /Users/flask/Documents/workspace_android/photify/photify/build/manifests/debug/AndroidManifest.xml
20:25:10.201 [Task worker 2] INFO  o.a.AndroidAnnotationProcessor:172 - AndroidManifest.xml found: AndroidManifest [applicationPackage=ac.jejunu.photify, componentQualifiedNames=[ac.jejunu.photify.activity.MainActivity, ac.jejunu.photify.activity.DetailActivity, ac.jejunu.photify.activity.LoginActivity, com.facebook.LoginActivity, ac.jejunu.photify.activity.GoogleMapTestActivity, com.vladimir.pinterestlistview.ItemsActivity], permissionQualifiedNames=[android.permission.INTERNET, android.permission.ACCESS_NETWORK_STATE, android.permission.WRITE_EXTERNAL_STORAGE, com.google.android.providers.gsf.permission.READ_GSERVICES, android.permission.ACCESS_COARSE_LOCATION, android.permission.ACCESS_FINE_LOCATION], applicationClassName=null, libraryProject=false, debugabble=false, minSdkVersion=10, maxSdkVersion=-1, targetSdkVersion=19]
20:25:10.202 [Task worker 2] INFO  o.a.r.ProjectRClassFinder:50 - Found project R class: ac.jejunu.photify.R
20:25:10.211 [Task worker 2] INFO  o.a.r.AndroidRClassFinder:44 - Found Android class: android.R
20:25:10.235 [Task worker 2] INFO  o.a.p.ModelValidator:42 - Validating elements
20:25:10.236 [Task worker 2] DEBUG o.a.p.ModelValidator:62 - Validating with EFragmentHandler: [ac.jejunu.photify.activity.fragment.FacebookLoginFragment, ac.jejunu.photify.activity.fragment.JsonTestFragment]
20:25:10.240 [Task worker 2] DEBUG o.a.p.ModelValidator:62 - Validating with ViewByIdHandler: [shareButton, sendRequestButton, authButton, section_label]
20:25:10.244 [Task worker 2] DEBUG o.a.p.ModelValidator:62 - Validating with RestHandler: [ac.jejunu.photify.rest.MyRestClient, ac.jejunu.photify.rest.TestCommandRestClient]
20:25:10.250 [Task worker 2] DEBUG o.a.p.ModelValidator:62 - Validating with PostHandler: [getSampleEntity(), getTestCommand(), sendTestCommand(ac.jejunu.photify.entity.TestCommand)]
20:25:10.252 [Task worker 2] DEBUG o.a.p.ModelValidator:62 - Validating with RestServiceHandler: [myRestClient, testCommandRestClient]
20:25:10.254 [Task worker 2] DEBUG o.a.p.ModelValidator:62 - Validating with AfterViewsHandler: [afterViews(), onBindComplete()]
20:25:10.254 [Task worker 2] DEBUG o.a.p.ModelValidator:62 - Validating with UiThreadHandler: [setData(java.lang.String), appendData(java.lang.String)]
20:25:10.255 [Task worker 2] DEBUG o.a.p.ModelValidator:62 - Validating with BackgroundHandler: [backgroundJob()]
20:25:10.269 [Task worker 2] INFO  o.a.p.ModelProcessor:73 - Processing root elements
20:25:10.269 [Task worker 2] DEBUG o.a.p.ModelProcessor:80 - Processing root elements EFragmentHandler: [ac.jejunu.photify.activity.fragment.JsonTestFragment, ac.jejunu.photify.activity.fragment.FacebookLoginFragment]
20:25:10.306 [Task worker 2] DEBUG o.a.p.ModelProcessor:80 - Processing root elements RestHandler: [ac.jejunu.photify.rest.MyRestClient, ac.jejunu.photify.rest.TestCommandRestClient]
20:25:10.311 [Task worker 2] INFO  o.a.p.ModelProcessor:104 - Processing enclosed elements
20:25:10.332 [Task worker 2] INFO  o.a.AndroidAnnotationProcessor:251 - Number of files generated by AndroidAnnotations: 4
20:25:10.334 [Task worker 2] INFO  o.a.g.ApiCodeGenerator:52 - Writting following API classes in project: []
20:25:10.337 [Task worker 2] DEBUG o.a.g.SourceCodewriter:55 - Generating class: ac.jejunu.photify.activity.fragment.FacebookLoginFragment_
20:25:10.352 [Task worker 2] DEBUG o.a.g.SourceCodewriter:55 - Generating class: ac.jejunu.photify.activity.fragment.JsonTestFragment_
20:25:10.367 [Task worker 2] DEBUG o.a.g.SourceCodewriter:55 - Generating class: ac.jejunu.photify.rest.MyRestClient_
20:25:10.371 [Task worker 2] DEBUG o.a.g.SourceCodewriter:55 - Generating class: ac.jejunu.photify.rest.TestCommandRestClient_
20:25:10.381 [Task worker 2] INFO  o.a.p.TimeStats:81 - Time measurements: [Whole Processing = 202 ms], [Process Annotations = 76 ms], [Generate Sources = 50 ms], [Find R Classes = 24 ms], [Validate Annotations = 21 ms], [Extract Annotations = 11 ms], [Extract Manifest = 9 ms], 
20:25:10.381 [Task worker 2] INFO  o.a.AndroidAnnotationProcessor:123 - Finish processing
20:30:48.916 [Task worker 1] INFO  o.a.AndroidAnnotationProcessor:85 - Initialize AndroidAnnotations 3.1-SNAPSHOT with options {androidManifestFile=/Users/flask/Documents/workspace_android/photify/photify/build/manifests/debug/AndroidManifest.xml, resourcePackageName=ac.jejunu.photify}
20:30:49.0 [Task worker 1] INFO  o.a.AndroidAnnotationProcessor:109 - Start processing for 8 annotations on 29 elements
20:30:49.79 [Task worker 1] DEBUG o.a.h.AndroidManifestFinder:98 - AndroidManifest.xml file found with specified path: /Users/flask/Documents/workspace_android/photify/photify/build/manifests/debug/AndroidManifest.xml
20:30:49.248 [Task worker 1] INFO  o.a.AndroidAnnotationProcessor:172 - AndroidManifest.xml found: AndroidManifest [applicationPackage=ac.jejunu.photify, componentQualifiedNames=[ac.jejunu.photify.activity.MainActivity, ac.jejunu.photify.activity.DetailActivity, ac.jejunu.photify.activity.LoginActivity, com.facebook.LoginActivity, ac.jejunu.photify.activity.GoogleMapTestActivity, com.vladimir.pinterestlistview.ItemsActivity], permissionQualifiedNames=[android.permission.INTERNET, android.permission.ACCESS_NETWORK_STATE, android.permission.WRITE_EXTERNAL_STORAGE, com.google.android.providers.gsf.permission.READ_GSERVICES, android.permission.ACCESS_COARSE_LOCATION, android.permission.ACCESS_FINE_LOCATION], applicationClassName=null, libraryProject=false, debugabble=false, minSdkVersion=10, maxSdkVersion=-1, targetSdkVersion=19]
20:30:49.250 [Task worker 1] INFO  o.a.r.ProjectRClassFinder:50 - Found project R class: ac.jejunu.photify.R
20:30:49.271 [Task worker 1] INFO  o.a.r.AndroidRClassFinder:44 - Found Android class: android.R
20:30:49.346 [Task worker 1] INFO  o.a.p.ModelValidator:42 - Validating elements
20:30:49.346 [Task worker 1] DEBUG o.a.p.ModelValidator:62 - Validating with EFragmentHandler: [ac.jejunu.photify.activity.fragment.FacebookLoginFragment, ac.jejunu.photify.activity.fragment.JsonTestFragment]
20:30:49.353 [Task worker 1] DEBUG o.a.p.ModelValidator:62 - Validating with ViewByIdHandler: [shareButton, sendRequestButton, authButton, section_label]
20:30:49.357 [Task worker 1] DEBUG o.a.p.ModelValidator:62 - Validating with RestHandler: [ac.jejunu.photify.rest.MyRestClient, ac.jejunu.photify.rest.TestCommandRestClient]
20:30:49.368 [Task worker 1] DEBUG o.a.p.ModelValidator:62 - Validating with PostHandler: [getSampleEntity(), getTestCommand(), sendTestCommand(ac.jejunu.photify.entity.TestCommand)]
20:30:49.370 [Task worker 1] DEBUG o.a.p.ModelValidator:62 - Validating with RestServiceHandler: [myRestClient, testCommandRestClient]
20:30:49.373 [Task worker 1] DEBUG o.a.p.ModelValidator:62 - Validating with AfterViewsHandler: [afterViews(), onBindComplete()]
20:30:49.374 [Task worker 1] DEBUG o.a.p.ModelValidator:62 - Validating with UiThreadHandler: [setData(java.lang.String), appendData(java.lang.String)]
20:30:49.375 [Task worker 1] DEBUG o.a.p.ModelValidator:62 - Validating with BackgroundHandler: [backgroundJob()]
20:30:49.395 [Task worker 1] INFO  o.a.p.ModelProcessor:73 - Processing root elements
20:30:49.396 [Task worker 1] DEBUG o.a.p.ModelProcessor:80 - Processing root elements EFragmentHandler: [ac.jejunu.photify.activity.fragment.JsonTestFragment, ac.jejunu.photify.activity.fragment.FacebookLoginFragment]
20:30:49.430 [Task worker 1] DEBUG o.a.p.ModelProcessor:80 - Processing root elements RestHandler: [ac.jejunu.photify.rest.TestCommandRestClient, ac.jejunu.photify.rest.MyRestClient]
20:30:49.436 [Task worker 1] INFO  o.a.p.ModelProcessor:104 - Processing enclosed elements
20:30:49.454 [Task worker 1] INFO  o.a.AndroidAnnotationProcessor:251 - Number of files generated by AndroidAnnotations: 4
20:30:49.457 [Task worker 1] INFO  o.a.g.ApiCodeGenerator:52 - Writting following API classes in project: []
20:30:49.460 [Task worker 1] DEBUG o.a.g.SourceCodewriter:55 - Generating class: ac.jejunu.photify.activity.fragment.FacebookLoginFragment_
20:30:49.494 [Task worker 1] DEBUG o.a.g.SourceCodewriter:55 - Generating class: ac.jejunu.photify.activity.fragment.JsonTestFragment_
20:30:49.524 [Task worker 1] DEBUG o.a.g.SourceCodewriter:55 - Generating class: ac.jejunu.photify.rest.MyRestClient_
20:30:49.534 [Task worker 1] DEBUG o.a.g.SourceCodewriter:55 - Generating class: ac.jejunu.photify.rest.TestCommandRestClient_
20:30:49.550 [Task worker 1] INFO  o.a.p.TimeStats:81 - Time measurements: [Whole Processing = 550 ms], [Extract Manifest = 170 ms], [Generate Sources = 96 ms], [Find R Classes = 86 ms], [Process Annotations = 78 ms], [Extract Annotations = 77 ms], [Validate Annotations = 31 ms], 
20:30:49.550 [Task worker 1] INFO  o.a.AndroidAnnotationProcessor:123 - Finish processing
20:32:26.370 [Task worker 1] INFO  o.a.AndroidAnnotationProcessor:85 - Initialize AndroidAnnotations 3.1-SNAPSHOT with options {androidManifestFile=/Users/flask/Documents/workspace_android/photify/photify/build/manifests/debug/AndroidManifest.xml, resourcePackageName=ac.jejunu.photify}
20:32:26.438 [Task worker 1] INFO  o.a.AndroidAnnotationProcessor:109 - Start processing for 8 annotations on 29 elements
20:32:26.511 [Task worker 1] DEBUG o.a.h.AndroidManifestFinder:98 - AndroidManifest.xml file found with specified path: /Users/flask/Documents/workspace_android/photify/photify/build/manifests/debug/AndroidManifest.xml
20:32:26.685 [Task worker 1] INFO  o.a.AndroidAnnotationProcessor:172 - AndroidManifest.xml found: AndroidManifest [applicationPackage=ac.jejunu.photify, componentQualifiedNames=[ac.jejunu.photify.activity.MainActivity, ac.jejunu.photify.activity.DetailActivity, ac.jejunu.photify.activity.LoginActivity, com.facebook.LoginActivity, ac.jejunu.photify.activity.GoogleMapTestActivity, com.vladimir.pinterestlistview.ItemsActivity], permissionQualifiedNames=[android.permission.INTERNET, android.permission.ACCESS_NETWORK_STATE, android.permission.WRITE_EXTERNAL_STORAGE, com.google.android.providers.gsf.permission.READ_GSERVICES, android.permission.ACCESS_COARSE_LOCATION, android.permission.ACCESS_FINE_LOCATION], applicationClassName=null, libraryProject=false, debugabble=false, minSdkVersion=10, maxSdkVersion=-1, targetSdkVersion=19]
20:32:26.686 [Task worker 1] INFO  o.a.r.ProjectRClassFinder:50 - Found project R class: ac.jejunu.photify.R
20:32:26.703 [Task worker 1] INFO  o.a.r.AndroidRClassFinder:44 - Found Android class: android.R
20:32:26.783 [Task worker 1] INFO  o.a.p.ModelValidator:42 - Validating elements
20:32:26.783 [Task worker 1] DEBUG o.a.p.ModelValidator:62 - Validating with EFragmentHandler: [ac.jejunu.photify.activity.fragment.FacebookLoginFragment, ac.jejunu.photify.activity.fragment.JsonTestFragment]
20:32:26.791 [Task worker 1] DEBUG o.a.p.ModelValidator:62 - Validating with ViewByIdHandler: [shareButton, sendRequestButton, authButton, section_label]
20:32:26.795 [Task worker 1] DEBUG o.a.p.ModelValidator:62 - Validating with RestHandler: [ac.jejunu.photify.rest.MyRestClient, ac.jejunu.photify.rest.TestCommandRestClient]
20:32:26.810 [Task worker 1] DEBUG o.a.p.ModelValidator:62 - Validating with PostHandler: [getSampleEntity(), getTestCommand(), sendTestCommand(ac.jejunu.photify.entity.TestCommand)]
20:32:26.813 [Task worker 1] DEBUG o.a.p.ModelValidator:62 - Validating with RestServiceHandler: [myRestClient, testCommandRestClient]
20:32:26.815 [Task worker 1] DEBUG o.a.p.ModelValidator:62 - Validating with AfterViewsHandler: [afterViews(), onBindComplete()]
20:32:26.816 [Task worker 1] DEBUG o.a.p.ModelValidator:62 - Validating with UiThreadHandler: [setData(java.lang.String), appendData(java.lang.String)]
20:32:26.817 [Task worker 1] DEBUG o.a.p.ModelValidator:62 - Validating with BackgroundHandler: [backgroundJob()]
20:32:26.831 [Task worker 1] INFO  o.a.p.ModelProcessor:73 - Processing root elements
20:32:26.831 [Task worker 1] DEBUG o.a.p.ModelProcessor:80 - Processing root elements EFragmentHandler: [ac.jejunu.photify.activity.fragment.FacebookLoginFragment, ac.jejunu.photify.activity.fragment.JsonTestFragment]
20:32:26.856 [Task worker 1] DEBUG o.a.p.ModelProcessor:80 - Processing root elements RestHandler: [ac.jejunu.photify.rest.TestCommandRestClient, ac.jejunu.photify.rest.MyRestClient]
20:32:26.861 [Task worker 1] INFO  o.a.p.ModelProcessor:104 - Processing enclosed elements
20:32:26.877 [Task worker 1] INFO  o.a.AndroidAnnotationProcessor:251 - Number of files generated by AndroidAnnotations: 4
20:32:26.881 [Task worker 1] INFO  o.a.g.ApiCodeGenerator:52 - Writting following API classes in project: []
20:32:26.884 [Task worker 1] DEBUG o.a.g.SourceCodewriter:55 - Generating class: ac.jejunu.photify.activity.fragment.FacebookLoginFragment_
20:32:26.907 [Task worker 1] DEBUG o.a.g.SourceCodewriter:55 - Generating class: ac.jejunu.photify.activity.fragment.JsonTestFragment_
20:32:26.931 [Task worker 1] DEBUG o.a.g.SourceCodewriter:55 - Generating class: ac.jejunu.photify.rest.MyRestClient_
20:32:26.942 [Task worker 1] DEBUG o.a.g.SourceCodewriter:55 - Generating class: ac.jejunu.photify.rest.TestCommandRestClient_
20:32:26.957 [Task worker 1] INFO  o.a.p.TimeStats:81 - Time measurements: [Whole Processing = 519 ms], [Extract Manifest = 175 ms], [Find R Classes = 89 ms], [Generate Sources = 80 ms], [Extract Annotations = 71 ms], [Process Annotations = 60 ms], [Validate Annotations = 35 ms], 
20:32:26.958 [Task worker 1] INFO  o.a.AndroidAnnotationProcessor:123 - Finish processing
20:44:22.440 [Task worker 3] INFO  o.a.AndroidAnnotationProcessor:85 - Initialize AndroidAnnotations 3.1-SNAPSHOT with options {androidManifestFile=/Users/flask/Documents/workspace_android/photify/photify/build/manifests/debug/AndroidManifest.xml, resourcePackageName=ac.jejunu.photify}
20:44:22.526 [Task worker 3] INFO  o.a.AndroidAnnotationProcessor:109 - Start processing for 8 annotations on 29 elements
20:44:22.593 [Task worker 3] DEBUG o.a.h.AndroidManifestFinder:98 - AndroidManifest.xml file found with specified path: /Users/flask/Documents/workspace_android/photify/photify/build/manifests/debug/AndroidManifest.xml
20:44:22.766 [Task worker 3] INFO  o.a.AndroidAnnotationProcessor:172 - AndroidManifest.xml found: AndroidManifest [applicationPackage=ac.jejunu.photify, componentQualifiedNames=[ac.jejunu.photify.activity.MainActivity, ac.jejunu.photify.activity.DetailActivity, ac.jejunu.photify.activity.LoginActivity, com.facebook.LoginActivity, ac.jejunu.photify.activity.GoogleMapTestActivity, com.vladimir.pinterestlistview.ItemsActivity], permissionQualifiedNames=[android.permission.INTERNET, android.permission.ACCESS_NETWORK_STATE, android.permission.WRITE_EXTERNAL_STORAGE, com.google.android.providers.gsf.permission.READ_GSERVICES, android.permission.ACCESS_COARSE_LOCATION, android.permission.ACCESS_FINE_LOCATION], applicationClassName=null, libraryProject=false, debugabble=false, minSdkVersion=10, maxSdkVersion=-1, targetSdkVersion=19]
20:44:22.768 [Task worker 3] INFO  o.a.r.ProjectRClassFinder:50 - Found project R class: ac.jejunu.photify.R
20:44:22.783 [Task worker 3] INFO  o.a.r.AndroidRClassFinder:44 - Found Android class: android.R
20:44:22.876 [Task worker 3] INFO  o.a.p.ModelValidator:42 - Validating elements
20:44:22.877 [Task worker 3] DEBUG o.a.p.ModelValidator:62 - Validating with EFragmentHandler: [ac.jejunu.photify.activity.fragment.FacebookLoginFragment, ac.jejunu.photify.activity.fragment.JsonTestFragment]
20:44:22.882 [Task worker 3] DEBUG o.a.p.ModelValidator:62 - Validating with ViewByIdHandler: [shareButton, sendRequestButton, authButton, section_label]
20:44:22.885 [Task worker 3] DEBUG o.a.p.ModelValidator:62 - Validating with RestHandler: [ac.jejunu.photify.rest.MyRestClient, ac.jejunu.photify.rest.TestCommandRestClient]
20:44:22.891 [Task worker 3] DEBUG o.a.p.ModelValidator:62 - Validating with PostHandler: [getSampleEntity(), getTestCommand(), sendTestCommand(ac.jejunu.photify.entity.TestCommand)]
20:44:22.893 [Task worker 3] DEBUG o.a.p.ModelValidator:62 - Validating with RestServiceHandler: [myRestClient, testCommandRestClient]
20:44:22.894 [Task worker 3] DEBUG o.a.p.ModelValidator:62 - Validating with AfterViewsHandler: [afterViews(), onBindComplete()]
20:44:22.895 [Task worker 3] DEBUG o.a.p.ModelValidator:62 - Validating with UiThreadHandler: [setData(java.lang.String), appendData(java.lang.String)]
20:44:22.895 [Task worker 3] DEBUG o.a.p.ModelValidator:62 - Validating with BackgroundHandler: [backgroundJob()]
20:44:22.907 [Task worker 3] INFO  o.a.p.ModelProcessor:73 - Processing root elements
20:44:22.908 [Task worker 3] DEBUG o.a.p.ModelProcessor:80 - Processing root elements EFragmentHandler: [ac.jejunu.photify.activity.fragment.FacebookLoginFragment, ac.jejunu.photify.activity.fragment.JsonTestFragment]
20:44:22.931 [Task worker 3] DEBUG o.a.p.ModelProcessor:80 - Processing root elements RestHandler: [ac.jejunu.photify.rest.TestCommandRestClient, ac.jejunu.photify.rest.MyRestClient]
20:44:22.935 [Task worker 3] INFO  o.a.p.ModelProcessor:104 - Processing enclosed elements
20:44:22.955 [Task worker 3] INFO  o.a.AndroidAnnotationProcessor:251 - Number of files generated by AndroidAnnotations: 4
20:44:22.958 [Task worker 3] INFO  o.a.g.ApiCodeGenerator:52 - Writting following API classes in project: []
20:44:22.960 [Task worker 3] DEBUG o.a.g.SourceCodewriter:55 - Generating class: ac.jejunu.photify.activity.fragment.FacebookLoginFragment_
20:44:22.986 [Task worker 3] DEBUG o.a.g.SourceCodewriter:55 - Generating class: ac.jejunu.photify.activity.fragment.JsonTestFragment_
20:44:23.9 [Task worker 3] DEBUG o.a.g.SourceCodewriter:55 - Generating class: ac.jejunu.photify.rest.MyRestClient_
20:44:23.17 [Task worker 3] DEBUG o.a.g.SourceCodewriter:55 - Generating class: ac.jejunu.photify.rest.TestCommandRestClient_
20:44:23.30 [Task worker 3] INFO  o.a.p.TimeStats:81 - Time measurements: [Whole Processing = 504 ms], [Extract Manifest = 175 ms], [Find R Classes = 99 ms], [Generate Sources = 74 ms], [Extract Annotations = 65 ms], [Process Annotations = 59 ms], [Validate Annotations = 20 ms], 
20:44:23.30 [Task worker 3] INFO  o.a.AndroidAnnotationProcessor:123 - Finish processing
20:46:00.901 [Task worker 1] INFO  o.a.AndroidAnnotationProcessor:85 - Initialize AndroidAnnotations 3.1-SNAPSHOT with options {androidManifestFile=/Users/flask/Documents/workspace_android/photify/photify/build/manifests/debug/AndroidManifest.xml, resourcePackageName=ac.jejunu.photify}
20:46:00.983 [Task worker 1] INFO  o.a.AndroidAnnotationProcessor:109 - Start processing for 8 annotations on 29 elements
20:46:01.45 [Task worker 1] DEBUG o.a.h.AndroidManifestFinder:98 - AndroidManifest.xml file found with specified path: /Users/flask/Documents/workspace_android/photify/photify/build/manifests/debug/AndroidManifest.xml
20:46:01.239 [Task worker 1] INFO  o.a.AndroidAnnotationProcessor:172 - AndroidManifest.xml found: AndroidManifest [applicationPackage=ac.jejunu.photify, componentQualifiedNames=[ac.jejunu.photify.activity.MainActivity, ac.jejunu.photify.activity.DetailActivity, ac.jejunu.photify.activity.LoginActivity, com.facebook.LoginActivity, ac.jejunu.photify.activity.GoogleMapTestActivity, com.vladimir.pinterestlistview.ItemsActivity], permissionQualifiedNames=[android.permission.INTERNET, android.permission.ACCESS_NETWORK_STATE, android.permission.WRITE_EXTERNAL_STORAGE, com.google.android.providers.gsf.permission.READ_GSERVICES, android.permission.ACCESS_COARSE_LOCATION, android.permission.ACCESS_FINE_LOCATION], applicationClassName=null, libraryProject=false, debugabble=false, minSdkVersion=10, maxSdkVersion=-1, targetSdkVersion=19]
20:46:01.240 [Task worker 1] INFO  o.a.r.ProjectRClassFinder:50 - Found project R class: ac.jejunu.photify.R
20:46:01.253 [Task worker 1] INFO  o.a.r.AndroidRClassFinder:44 - Found Android class: android.R
20:46:01.332 [Task worker 1] INFO  o.a.p.ModelValidator:42 - Validating elements
20:46:01.333 [Task worker 1] DEBUG o.a.p.ModelValidator:62 - Validating with EFragmentHandler: [ac.jejunu.photify.activity.fragment.FacebookLoginFragment, ac.jejunu.photify.activity.fragment.JsonTestFragment]
20:46:01.339 [Task worker 1] DEBUG o.a.p.ModelValidator:62 - Validating with ViewByIdHandler: [shareButton, sendRequestButton, authButton, section_label]
20:46:01.343 [Task worker 1] DEBUG o.a.p.ModelValidator:62 - Validating with RestHandler: [ac.jejunu.photify.rest.MyRestClient, ac.jejunu.photify.rest.TestCommandRestClient]
20:46:01.351 [Task worker 1] DEBUG o.a.p.ModelValidator:62 - Validating with PostHandler: [getSampleEntity(), getTestCommand(), sendTestCommand(ac.jejunu.photify.entity.TestCommand)]
20:46:01.354 [Task worker 1] DEBUG o.a.p.ModelValidator:62 - Validating with RestServiceHandler: [myRestClient, testCommandRestClient]
20:46:01.356 [Task worker 1] DEBUG o.a.p.ModelValidator:62 - Validating with AfterViewsHandler: [afterViews(), onBindComplete()]
20:46:01.356 [Task worker 1] DEBUG o.a.p.ModelValidator:62 - Validating with UiThreadHandler: [setData(java.lang.String), appendData(java.lang.String)]
20:46:01.357 [Task worker 1] DEBUG o.a.p.ModelValidator:62 - Validating with BackgroundHandler: [backgroundJob()]
20:46:01.369 [Task worker 1] INFO  o.a.p.ModelProcessor:73 - Processing root elements
20:46:01.370 [Task worker 1] DEBUG o.a.p.ModelProcessor:80 - Processing root elements EFragmentHandler: [ac.jejunu.photify.activity.fragment.JsonTestFragment, ac.jejunu.photify.activity.fragment.FacebookLoginFragment]
20:46:01.394 [Task worker 1] DEBUG o.a.p.ModelProcessor:80 - Processing root elements RestHandler: [ac.jejunu.photify.rest.TestCommandRestClient, ac.jejunu.photify.rest.MyRestClient]
20:46:01.400 [Task worker 1] INFO  o.a.p.ModelProcessor:104 - Processing enclosed elements
20:46:01.417 [Task worker 1] INFO  o.a.AndroidAnnotationProcessor:251 - Number of files generated by AndroidAnnotations: 4
20:46:01.420 [Task worker 1] INFO  o.a.g.ApiCodeGenerator:52 - Writting following API classes in project: []
20:46:01.423 [Task worker 1] DEBUG o.a.g.SourceCodewriter:55 - Generating class: ac.jejunu.photify.activity.fragment.FacebookLoginFragment_
20:46:01.444 [Task worker 1] DEBUG o.a.g.SourceCodewriter:55 - Generating class: ac.jejunu.photify.activity.fragment.JsonTestFragment_
20:46:01.467 [Task worker 1] DEBUG o.a.g.SourceCodewriter:55 - Generating class: ac.jejunu.photify.rest.MyRestClient_
20:46:01.477 [Task worker 1] DEBUG o.a.g.SourceCodewriter:55 - Generating class: ac.jejunu.photify.rest.TestCommandRestClient_
20:46:01.494 [Task worker 1] INFO  o.a.p.TimeStats:81 - Time measurements: [Whole Processing = 510 ms], [Extract Manifest = 195 ms], [Find R Classes = 82 ms], [Generate Sources = 76 ms], [Extract Annotations = 61 ms], [Process Annotations = 60 ms], [Validate Annotations = 26 ms], 
20:46:01.494 [Task worker 1] INFO  o.a.AndroidAnnotationProcessor:123 - Finish processing
20:50:53.524 [Task worker 2] INFO  o.a.AndroidAnnotationProcessor:85 - Initialize AndroidAnnotations 3.1-SNAPSHOT with options {androidManifestFile=/Users/flask/Documents/workspace_android/photify/photify/build/manifests/debug/AndroidManifest.xml, resourcePackageName=ac.jejunu.photify}
20:50:53.603 [Task worker 2] INFO  o.a.AndroidAnnotationProcessor:109 - Start processing for 8 annotations on 29 elements
20:50:53.673 [Task worker 2] DEBUG o.a.h.AndroidManifestFinder:98 - AndroidManifest.xml file found with specified path: /Users/flask/Documents/workspace_android/photify/photify/build/manifests/debug/AndroidManifest.xml
20:50:53.838 [Task worker 2] INFO  o.a.AndroidAnnotationProcessor:172 - AndroidManifest.xml found: AndroidManifest [applicationPackage=ac.jejunu.photify, componentQualifiedNames=[ac.jejunu.photify.activity.MainActivity, ac.jejunu.photify.activity.DetailActivity, ac.jejunu.photify.activity.LoginActivity, com.facebook.LoginActivity, ac.jejunu.photify.activity.GoogleMapTestActivity, com.vladimir.pinterestlistview.ItemsActivity], permissionQualifiedNames=[android.permission.INTERNET, android.permission.ACCESS_NETWORK_STATE, android.permission.WRITE_EXTERNAL_STORAGE, com.google.android.providers.gsf.permission.READ_GSERVICES, android.permission.ACCESS_COARSE_LOCATION, android.permission.ACCESS_FINE_LOCATION], applicationClassName=null, libraryProject=false, debugabble=false, minSdkVersion=10, maxSdkVersion=-1, targetSdkVersion=19]
20:50:53.839 [Task worker 2] INFO  o.a.r.ProjectRClassFinder:50 - Found project R class: ac.jejunu.photify.R
20:50:53.852 [Task worker 2] INFO  o.a.r.AndroidRClassFinder:44 - Found Android class: android.R
20:50:53.944 [Task worker 2] INFO  o.a.p.ModelValidator:42 - Validating elements
20:50:53.944 [Task worker 2] DEBUG o.a.p.ModelValidator:62 - Validating with EFragmentHandler: [ac.jejunu.photify.activity.fragment.FacebookLoginFragment, ac.jejunu.photify.activity.fragment.JsonTestFragment]
20:50:53.952 [Task worker 2] DEBUG o.a.p.ModelValidator:62 - Validating with ViewByIdHandler: [shareButton, sendRequestButton, authButton, section_label]
20:50:53.957 [Task worker 2] DEBUG o.a.p.ModelValidator:62 - Validating with RestHandler: [ac.jejunu.photify.rest.MyRestClient, ac.jejunu.photify.rest.TestCommandRestClient]
20:50:53.964 [Task worker 2] DEBUG o.a.p.ModelValidator:62 - Validating with PostHandler: [getSampleEntity(), getTestCommand(), sendTestCommand(ac.jejunu.photify.entity.TestCommand)]
20:50:53.966 [Task worker 2] DEBUG o.a.p.ModelValidator:62 - Validating with RestServiceHandler: [myRestClient, testCommandRestClient]
20:50:53.969 [Task worker 2] DEBUG o.a.p.ModelValidator:62 - Validating with AfterViewsHandler: [afterViews(), onBindComplete()]
20:50:53.969 [Task worker 2] DEBUG o.a.p.ModelValidator:62 - Validating with UiThreadHandler: [setData(java.lang.String), appendData(java.lang.String)]
20:50:53.970 [Task worker 2] DEBUG o.a.p.ModelValidator:62 - Validating with BackgroundHandler: [backgroundJob()]
20:50:53.983 [Task worker 2] INFO  o.a.p.ModelProcessor:73 - Processing root elements
20:50:53.983 [Task worker 2] DEBUG o.a.p.ModelProcessor:80 - Processing root elements EFragmentHandler: [ac.jejunu.photify.activity.fragment.JsonTestFragment, ac.jejunu.photify.activity.fragment.FacebookLoginFragment]
20:50:54.7 [Task worker 2] DEBUG o.a.p.ModelProcessor:80 - Processing root elements RestHandler: [ac.jejunu.photify.rest.TestCommandRestClient, ac.jejunu.photify.rest.MyRestClient]
20:50:54.14 [Task worker 2] INFO  o.a.p.ModelProcessor:104 - Processing enclosed elements
20:50:54.36 [Task worker 2] INFO  o.a.AndroidAnnotationProcessor:251 - Number of files generated by AndroidAnnotations: 4
20:50:54.39 [Task worker 2] INFO  o.a.g.ApiCodeGenerator:52 - Writting following API classes in project: []
20:50:54.41 [Task worker 2] DEBUG o.a.g.SourceCodewriter:55 - Generating class: ac.jejunu.photify.activity.fragment.FacebookLoginFragment_
20:50:54.67 [Task worker 2] DEBUG o.a.g.SourceCodewriter:55 - Generating class: ac.jejunu.photify.activity.fragment.JsonTestFragment_
20:50:54.92 [Task worker 2] DEBUG o.a.g.SourceCodewriter:55 - Generating class: ac.jejunu.photify.rest.MyRestClient_
20:50:54.103 [Task worker 2] DEBUG o.a.g.SourceCodewriter:55 - Generating class: ac.jejunu.photify.rest.TestCommandRestClient_
20:50:54.118 [Task worker 2] INFO  o.a.p.TimeStats:81 - Time measurements: [Whole Processing = 515 ms], [Extract Manifest = 166 ms], [Find R Classes = 92 ms], [Generate Sources = 82 ms], [Extract Annotations = 68 ms], [Process Annotations = 66 ms], [Validate Annotations = 27 ms], 
20:50:54.118 [Task worker 2] INFO  o.a.AndroidAnnotationProcessor:123 - Finish processing
