14:21:08.234 [Task worker 3] INFO  o.a.AndroidAnnotationProcessor:85 - Initialize AndroidAnnotations 3.1-SNAPSHOT with options {androidManifestFile=/Users/flask/Documents/workspace_android/photify/photify/build/manifests/debug/AndroidManifest.xml, resourcePackageName=ac.jejunu.photify}
14:21:08.681 [Task worker 3] INFO  o.a.AndroidAnnotationProcessor:109 - Start processing for 8 annotations on 28 elements
14:21:09.483 [Task worker 3] DEBUG o.a.h.AndroidManifestFinder:98 - AndroidManifest.xml file found with specified path: /Users/flask/Documents/workspace_android/photify/photify/build/manifests/debug/AndroidManifest.xml
14:21:10.215 [Task worker 3] INFO  o.a.AndroidAnnotationProcessor:172 - AndroidManifest.xml found: AndroidManifest [applicationPackage=ac.jejunu.photify, componentQualifiedNames=[ac.jejunu.photify.activity.MainActivity, ac.jejunu.photify.activity.DetailActivity, ac.jejunu.photify.activity.LoginActivity, com.facebook.LoginActivity, ac.jejunu.photify.activity.GoogleMapTestActivity], permissionQualifiedNames=[android.permission.INTERNET, android.permission.ACCESS_NETWORK_STATE, android.permission.WRITE_EXTERNAL_STORAGE, com.google.android.providers.gsf.permission.READ_GSERVICES, android.permission.ACCESS_COARSE_LOCATION, android.permission.ACCESS_FINE_LOCATION], applicationClassName=null, libraryProject=false, debugabble=false, minSdkVersion=10, maxSdkVersion=-1, targetSdkVersion=19]
14:21:10.216 [Task worker 3] INFO  o.a.r.ProjectRClassFinder:50 - Found project R class: ac.jejunu.photify.R
14:21:10.276 [Task worker 3] INFO  o.a.r.AndroidRClassFinder:44 - Found Android class: android.R
14:21:10.368 [Task worker 3] INFO  o.a.p.ModelValidator:42 - Validating elements
14:21:10.368 [Task worker 3] DEBUG o.a.p.ModelValidator:62 - Validating with EFragmentHandler: [ac.jejunu.photify.activity.fragment.JsonTestFragment]
14:21:10.377 [Task worker 3] DEBUG o.a.p.ModelValidator:62 - Validating with ViewByIdHandler: [section_label]
14:21:10.381 [Task worker 3] DEBUG o.a.p.ModelValidator:62 - Validating with RestHandler: [ac.jejunu.photify.rest.MyRestClient, ac.jejunu.photify.rest.TestCommandRestClient]
14:21:10.390 [Task worker 3] DEBUG o.a.p.ModelValidator:62 - Validating with PostHandler: [getSampleEntity(), getTestCommand(), sendTestCommand(ac.jejunu.photify.entity.TestCommand)]
14:21:10.393 [Task worker 3] DEBUG o.a.p.ModelValidator:62 - Validating with RestServiceHandler: [myRestClient, testCommandRestClient]
14:21:10.395 [Task worker 3] DEBUG o.a.p.ModelValidator:62 - Validating with AfterViewsHandler: [onBindComplete()]
14:21:10.396 [Task worker 3] DEBUG o.a.p.ModelValidator:62 - Validating with UiThreadHandler: [setData(java.lang.String), appendData(java.lang.String)]
14:21:10.396 [Task worker 3] DEBUG o.a.p.ModelValidator:62 - Validating with BackgroundHandler: [backgroundJob()]
14:21:10.441 [Task worker 3] INFO  o.a.p.ModelProcessor:73 - Processing root elements
14:21:10.444 [Task worker 3] DEBUG o.a.p.ModelProcessor:80 - Processing root elements EFragmentHandler: [ac.jejunu.photify.activity.fragment.JsonTestFragment]
14:21:10.480 [Task worker 3] DEBUG o.a.p.ModelProcessor:80 - Processing root elements RestHandler: [ac.jejunu.photify.rest.MyRestClient, ac.jejunu.photify.rest.TestCommandRestClient]
14:21:10.505 [Task worker 3] INFO  o.a.p.ModelProcessor:104 - Processing enclosed elements
14:21:10.530 [Task worker 3] INFO  o.a.AndroidAnnotationProcessor:251 - Number of files generated by AndroidAnnotations: 3
14:21:10.539 [Task worker 3] INFO  o.a.g.ApiCodeGenerator:52 - Writting following API classes in project: []
14:21:10.541 [Task worker 3] DEBUG o.a.g.SourceCodewriter:55 - Generating class: ac.jejunu.photify.activity.fragment.JsonTestFragment_
14:21:10.613 [Task worker 3] DEBUG o.a.g.SourceCodewriter:55 - Generating class: ac.jejunu.photify.rest.MyRestClient_
14:21:10.626 [Task worker 3] DEBUG o.a.g.SourceCodewriter:55 - Generating class: ac.jejunu.photify.rest.TestCommandRestClient_
14:21:10.671 [Task worker 3] INFO  o.a.p.TimeStats:81 - Time measurements: [Whole Processing = 1990 ms], [Extract Annotations = 799 ms], [Extract Manifest = 733 ms], [Generate Sources = 142 ms], [Process Annotations = 132 ms], [Find R Classes = 123 ms], [Validate Annotations = 30 ms], 
14:21:10.672 [Task worker 3] INFO  o.a.AndroidAnnotationProcessor:123 - Finish processing
14:22:45.259 [Task worker 3] INFO  o.a.AndroidAnnotationProcessor:85 - Initialize AndroidAnnotations 3.1-SNAPSHOT with options {androidManifestFile=/Users/flask/Documents/workspace_android/photify/photify/build/manifests/release/AndroidManifest.xml, resourcePackageName=ac.jejunu.photify}
14:22:45.344 [Task worker 3] INFO  o.a.AndroidAnnotationProcessor:109 - Start processing for 8 annotations on 28 elements
14:22:45.358 [Task worker 3] DEBUG o.a.h.AndroidManifestFinder:98 - AndroidManifest.xml file found with specified path: /Users/flask/Documents/workspace_android/photify/photify/build/manifests/release/AndroidManifest.xml
14:22:45.365 [Task worker 3] INFO  o.a.AndroidAnnotationProcessor:172 - AndroidManifest.xml found: AndroidManifest [applicationPackage=ac.jejunu.photify, componentQualifiedNames=[ac.jejunu.photify.activity.MainActivity, ac.jejunu.photify.activity.DetailActivity, ac.jejunu.photify.activity.LoginActivity, com.facebook.LoginActivity, ac.jejunu.photify.activity.GoogleMapTestActivity], permissionQualifiedNames=[android.permission.INTERNET, android.permission.ACCESS_NETWORK_STATE, android.permission.WRITE_EXTERNAL_STORAGE, com.google.android.providers.gsf.permission.READ_GSERVICES, android.permission.ACCESS_COARSE_LOCATION, android.permission.ACCESS_FINE_LOCATION], applicationClassName=null, libraryProject=false, debugabble=false, minSdkVersion=10, maxSdkVersion=-1, targetSdkVersion=19]
14:22:45.366 [Task worker 3] INFO  o.a.r.ProjectRClassFinder:50 - Found project R class: ac.jejunu.photify.R
14:22:45.378 [Task worker 3] INFO  o.a.r.AndroidRClassFinder:44 - Found Android class: android.R
14:22:45.405 [Task worker 3] INFO  o.a.p.ModelValidator:42 - Validating elements
14:22:45.406 [Task worker 3] DEBUG o.a.p.ModelValidator:62 - Validating with EFragmentHandler: [ac.jejunu.photify.activity.fragment.JsonTestFragment]
14:22:45.411 [Task worker 3] DEBUG o.a.p.ModelValidator:62 - Validating with ViewByIdHandler: [section_label]
14:22:45.414 [Task worker 3] DEBUG o.a.p.ModelValidator:62 - Validating with RestHandler: [ac.jejunu.photify.rest.MyRestClient, ac.jejunu.photify.rest.TestCommandRestClient]
14:22:45.418 [Task worker 3] DEBUG o.a.p.ModelValidator:62 - Validating with PostHandler: [getSampleEntity(), getTestCommand(), sendTestCommand(ac.jejunu.photify.entity.TestCommand)]
14:22:45.420 [Task worker 3] DEBUG o.a.p.ModelValidator:62 - Validating with RestServiceHandler: [myRestClient, testCommandRestClient]
14:22:45.421 [Task worker 3] DEBUG o.a.p.ModelValidator:62 - Validating with AfterViewsHandler: [onBindComplete()]
14:22:45.422 [Task worker 3] DEBUG o.a.p.ModelValidator:62 - Validating with UiThreadHandler: [setData(java.lang.String), appendData(java.lang.String)]
14:22:45.422 [Task worker 3] DEBUG o.a.p.ModelValidator:62 - Validating with BackgroundHandler: [backgroundJob()]
14:22:45.438 [Task worker 3] INFO  o.a.p.ModelProcessor:73 - Processing root elements
14:22:45.438 [Task worker 3] DEBUG o.a.p.ModelProcessor:80 - Processing root elements EFragmentHandler: [ac.jejunu.photify.activity.fragment.JsonTestFragment]
14:22:45.472 [Task worker 3] DEBUG o.a.p.ModelProcessor:80 - Processing root elements RestHandler: [ac.jejunu.photify.rest.MyRestClient, ac.jejunu.photify.rest.TestCommandRestClient]
14:22:45.480 [Task worker 3] INFO  o.a.p.ModelProcessor:104 - Processing enclosed elements
14:22:45.498 [Task worker 3] INFO  o.a.AndroidAnnotationProcessor:251 - Number of files generated by AndroidAnnotations: 3
14:22:45.499 [Task worker 3] INFO  o.a.g.ApiCodeGenerator:52 - Writting following API classes in project: []
14:22:45.501 [Task worker 3] DEBUG o.a.g.SourceCodewriter:55 - Generating class: ac.jejunu.photify.activity.fragment.JsonTestFragment_
14:22:45.519 [Task worker 3] DEBUG o.a.g.SourceCodewriter:55 - Generating class: ac.jejunu.photify.rest.MyRestClient_
14:22:45.524 [Task worker 3] DEBUG o.a.g.SourceCodewriter:55 - Generating class: ac.jejunu.photify.rest.TestCommandRestClient_
14:22:45.530 [Task worker 3] INFO  o.a.p.TimeStats:81 - Time measurements: [Whole Processing = 187 ms], [Process Annotations = 74 ms], [Generate Sources = 33 ms], [Find R Classes = 29 ms], [Validate Annotations = 19 ms], [Extract Annotations = 12 ms], [Extract Manifest = 8 ms], 
14:22:45.531 [Task worker 3] INFO  o.a.AndroidAnnotationProcessor:123 - Finish processing
